Classic Timing Analyzer report for con_signal
Sun Dec 01 11:27:34 2024
Quartus II Version 9.0 Build 184 04/29/2009 Service Pack 1 SJ Web Edition


---------------------
; Table of Contents ;
---------------------
  1. Legal Notice
  2. Timing Analyzer Summary
  3. Timing Analyzer Settings
  4. Parallel Compilation
  5. tpd
  6. Timing Analyzer Messages



----------------
; Legal Notice ;
----------------
Copyright (C) 1991-2009 Altera Corporation
Your use of Altera Corporation's design tools, logic functions 
and other software and tools, and its AMPP partner logic 
functions, and any output files from any of the foregoing 
(including device programming or simulation files), and any 
associated documentation or information are expressly subject 
to the terms and conditions of the Altera Program License 
Subscription Agreement, Altera MegaCore Function License 
Agreement, or other applicable license agreement, including, 
without limitation, that your use is for the sole purpose of 
programming logic devices manufactured by Altera and sold by 
Altera or its authorized distributors.  Please refer to the 
applicable agreement for further details.



+--------------------------------------------------------------------------------------------------------------------------+
; Timing Analyzer Summary                                                                                                  ;
+------------------------------+-------+---------------+-------------+------+-------+------------+----------+--------------+
; Type                         ; Slack ; Required Time ; Actual Time ; From ; To    ; From Clock ; To Clock ; Failed Paths ;
+------------------------------+-------+---------------+-------------+------+-------+------------+----------+--------------+
; Worst-case tpd               ; N/A   ; None          ; 13.217 ns   ; in1  ; mux_s ; --         ; --       ; 0            ;
; Total number of failed paths ;       ;               ;             ;      ;       ;            ;          ; 0            ;
+------------------------------+-------+---------------+-------------+------+-------+------------+----------+--------------+


+--------------------------------------------------------------------------------------------------------------------+
; Timing Analyzer Settings                                                                                           ;
+---------------------------------------------------------------------+--------------------+------+----+-------------+
; Option                                                              ; Setting            ; From ; To ; Entity Name ;
+---------------------------------------------------------------------+--------------------+------+----+-------------+
; Device Name                                                         ; EP2C5T144C8        ;      ;    ;             ;
; Timing Models                                                       ; Final              ;      ;    ;             ;
; Default hold multicycle                                             ; Same as Multicycle ;      ;    ;             ;
; Cut paths between unrelated clock domains                           ; On                 ;      ;    ;             ;
; Cut off read during write signal paths                              ; On                 ;      ;    ;             ;
; Cut off feedback from I/O pins                                      ; On                 ;      ;    ;             ;
; Report Combined Fast/Slow Timing                                    ; Off                ;      ;    ;             ;
; Ignore Clock Settings                                               ; Off                ;      ;    ;             ;
; Analyze latches as synchronous elements                             ; On                 ;      ;    ;             ;
; Enable Recovery/Removal analysis                                    ; Off                ;      ;    ;             ;
; Enable Clock Latency                                                ; Off                ;      ;    ;             ;
; Use TimeQuest Timing Analyzer                                       ; Off                ;      ;    ;             ;
; Minimum Core Junction Temperature                                   ; 0                  ;      ;    ;             ;
; Maximum Core Junction Temperature                                   ; 85                 ;      ;    ;             ;
; Number of source nodes to report per destination node               ; 10                 ;      ;    ;             ;
; Number of destination nodes to report                               ; 10                 ;      ;    ;             ;
; Number of paths to report                                           ; 200                ;      ;    ;             ;
; Report Minimum Timing Checks                                        ; Off                ;      ;    ;             ;
; Use Fast Timing Models                                              ; Off                ;      ;    ;             ;
; Report IO Paths Separately                                          ; Off                ;      ;    ;             ;
; Perform Multicorner Analysis                                        ; On                 ;      ;    ;             ;
; Reports the worst-case path for each clock domain and analysis      ; Off                ;      ;    ;             ;
; Removes common clock path pessimism (CCPP) during slack computation ; Off                ;      ;    ;             ;
; Output I/O Timing Endpoint                                          ; Near End           ;      ;    ;             ;
+---------------------------------------------------------------------+--------------------+------+----+-------------+


Parallel compilation was disabled, but you have multiple processors available. Enable parallel compilation to reduce compilation time.
+-------------------------------------+
; Parallel Compilation                ;
+----------------------------+--------+
; Processors                 ; Number ;
+----------------------------+--------+
; Number detected on machine ; 14     ;
; Maximum allowed            ; 1      ;
+----------------------------+--------+


+-----------------------------------------------------------------+
; tpd                                                             ;
+-------+-------------------+-----------------+-------+-----------+
; Slack ; Required P2P Time ; Actual P2P Time ; From  ; To        ;
+-------+-------------------+-----------------+-------+-----------+
; N/A   ; None              ; 13.217 ns       ; in1   ; mux_s     ;
; N/A   ; None              ; 12.770 ns       ; movi  ; reg_we    ;
; N/A   ; None              ; 12.759 ns       ; in1   ; reg_we    ;
; N/A   ; None              ; 12.714 ns       ; mova  ; mux_s     ;
; N/A   ; None              ; 12.714 ns       ; mova  ; reg_we    ;
; N/A   ; None              ; 12.679 ns       ; jmp   ; pc_ld     ;
; N/A   ; None              ; 12.557 ns       ; sub   ; reg_we    ;
; N/A   ; None              ; 12.547 ns       ; sub   ; mux_s     ;
; N/A   ; None              ; 12.444 ns       ; out1  ; au_en     ;
; N/A   ; None              ; 12.389 ns       ; add   ; reg_we    ;
; N/A   ; None              ; 12.379 ns       ; add   ; mux_s     ;
; N/A   ; None              ; 12.342 ns       ; jg    ; pc_ld     ;
; N/A   ; None              ; 12.302 ns       ; movb  ; mux_s     ;
; N/A   ; None              ; 12.301 ns       ; movi  ; mux_s     ;
; N/A   ; None              ; 12.231 ns       ; sm    ; pc_in     ;
; N/A   ; None              ; 12.004 ns       ; movi  ; pc_in     ;
; N/A   ; None              ; 11.919 ns       ; mova  ; au_en     ;
; N/A   ; None              ; 11.907 ns       ; g     ; pc_ld     ;
; N/A   ; None              ; 11.814 ns       ; movc  ; ram_re    ;
; N/A   ; None              ; 11.752 ns       ; sub   ; au_en     ;
; N/A   ; None              ; 11.655 ns       ; movc  ; reg_we    ;
; N/A   ; None              ; 11.655 ns       ; sm    ; ram_re    ;
; N/A   ; None              ; 11.647 ns       ; movc  ; s[0]      ;
; N/A   ; None              ; 11.584 ns       ; add   ; au_en     ;
; N/A   ; None              ; 11.580 ns       ; movi  ; ram_re    ;
; N/A   ; None              ; 11.507 ns       ; movb  ; au_en     ;
; N/A   ; None              ; 11.464 ns       ; movb  ; s[0]      ;
; N/A   ; None              ; 11.321 ns       ; movd  ; reg_we    ;
; N/A   ; None              ; 11.105 ns       ; movb  ; ram_wr    ;
; N/A   ; None              ; 10.766 ns       ; movb  ; s[1]      ;
; N/A   ; None              ; 10.525 ns       ; sub   ; gf_en     ;
; N/A   ; None              ; 10.520 ns       ; ir[5] ; au_ac[1]  ;
; N/A   ; None              ; 10.440 ns       ; ir[1] ; reg_sr[1] ;
; N/A   ; None              ; 10.432 ns       ; ir[4] ; au_ac[0]  ;
; N/A   ; None              ; 10.432 ns       ; sm    ; ir_ld     ;
; N/A   ; None              ; 10.409 ns       ; ir[6] ; au_ac[2]  ;
; N/A   ; None              ; 10.070 ns       ; halt  ; sm_en     ;
; N/A   ; None              ; 10.029 ns       ; out1  ; out_en    ;
; N/A   ; None              ; 9.951 ns        ; in1   ; in_en     ;
; N/A   ; None              ; 9.632 ns        ; ir[7] ; au_ac[3]  ;
; N/A   ; None              ; 9.275 ns        ; ir[0] ; reg_sr[0] ;
; N/A   ; None              ; 9.223 ns        ; ir[3] ; reg_dr[1] ;
; N/A   ; None              ; 9.203 ns        ; ir[2] ; reg_dr[0] ;
+-------+-------------------+-----------------+-------+-----------+


+--------------------------+
; Timing Analyzer Messages ;
+--------------------------+
Info: *******************************************************************
Info: Running Quartus II Classic Timing Analyzer
    Info: Version 9.0 Build 184 04/29/2009 Service Pack 1 SJ Web Edition
    Info: Processing started: Sun Dec 01 11:27:34 2024
Info: Command: quartus_tan --read_settings_files=off --write_settings_files=off con_signal -c con_signal --timing_analysis_only
Info: Longest tpd from source pin "in1" to destination pin "mux_s" is 13.217 ns
    Info: 1: + IC(0.000 ns) + CELL(0.945 ns) = 0.945 ns; Loc. = PIN_7; Fanout = 3; PIN Node = 'in1'
    Info: 2: + IC(6.736 ns) + CELL(0.624 ns) = 8.305 ns; Loc. = LCCOMB_X3_Y2_N22; Fanout = 1; COMB Node = 'mux_s~3'
    Info: 3: + IC(1.676 ns) + CELL(3.236 ns) = 13.217 ns; Loc. = PIN_135; Fanout = 0; PIN Node = 'mux_s'
    Info: Total cell delay = 4.805 ns ( 36.35 % )
    Info: Total interconnect delay = 8.412 ns ( 63.65 % )
Info: Quartus II Classic Timing Analyzer was successful. 0 errors, 0 warnings
    Info: Peak virtual memory: 195 megabytes
    Info: Processing ended: Sun Dec 01 11:27:34 2024
    Info: Elapsed time: 00:00:00
    Info: Total CPU time (on all processors): 00:00:00


